c:\users\james\desktop\gp3\rockyengine\intermediates\x64\debug\vc142.pdb
c:\users\james\desktop\gp3\rockyengine\intermediates\x64\debug\vc142.idb
c:\users\james\desktop\gp3\rockyengine\intermediates\x64\debug\transform.obj
c:\users\james\desktop\gp3\rockyengine\intermediates\x64\debug\shaderprogram.obj
c:\users\james\desktop\gp3\rockyengine\intermediates\x64\debug\shader.obj
c:\users\james\desktop\gp3\rockyengine\intermediates\x64\debug\rockyengine.obj
c:\users\james\desktop\gp3\rockyengine\intermediates\x64\debug\meshrenderer.obj
c:\users\james\desktop\gp3\rockyengine\intermediates\x64\debug\mesh.obj
c:\users\james\desktop\gp3\rockyengine\intermediates\x64\debug\logger.obj
c:\users\james\desktop\gp3\rockyengine\intermediates\x64\debug\entity.obj
c:\users\james\desktop\gp3\rockyengine\intermediates\x64\debug\application.obj
c:\users\james\desktop\gp3\rockyengine\bin\x64\debug\rockyengine_x64.exe
c:\users\james\desktop\gp3\rockyengine\bin\x64\debug\rockyengine_x64.ilk
c:\users\james\desktop\gp3\rockyengine\bin\x64\debug\rockyengine_x64.pdb
c:\users\james\desktop\gp3\rockyengine\intermediates\x64\debug\rockyengine.tlog\cl.command.1.tlog
c:\users\james\desktop\gp3\rockyengine\intermediates\x64\debug\rockyengine.tlog\cl.read.1.tlog
c:\users\james\desktop\gp3\rockyengine\intermediates\x64\debug\rockyengine.tlog\cl.write.1.tlog
c:\users\james\desktop\gp3\rockyengine\intermediates\x64\debug\rockyengine.tlog\link.command.1.tlog
c:\users\james\desktop\gp3\rockyengine\intermediates\x64\debug\rockyengine.tlog\link.read.1.tlog
c:\users\james\desktop\gp3\rockyengine\intermediates\x64\debug\rockyengine.tlog\link.write.1.tlog
